Traceback (most recent call last):
  File "/root/.cache/pypoetry/virtualenvs/ppo-details-0gGEmRE_-py3.8/lib/python3.8/site-packages/gymnasium/envs/classic_control/cartpole.py", line 258, in render
    import pygame
ModuleNotFoundError: No module named 'pygame'

The above exception was the direct cause of the following exception:

Traceback (most recent call last):
  File "ppo.py", line 181, in <module>
    next_obs, _ = envs.reset(seed=args.seed)
  File "/root/.cache/pypoetry/virtualenvs/ppo-details-0gGEmRE_-py3.8/lib/python3.8/site-packages/gymnasium/vector/sync_vector_env.py", line 226, in reset
    self._env_obs[i], env_info = env.reset(
  File "/root/.cache/pypoetry/virtualenvs/ppo-details-0gGEmRE_-py3.8/lib/python3.8/site-packages/gymnasium/wrappers/rendering.py", line 340, in reset
    self._capture_frame()
  File "/root/.cache/pypoetry/virtualenvs/ppo-details-0gGEmRE_-py3.8/lib/python3.8/site-packages/gymnasium/wrappers/rendering.py", line 312, in _capture_frame
    frame = self.env.render()
  File "/root/.cache/pypoetry/virtualenvs/ppo-details-0gGEmRE_-py3.8/lib/python3.8/site-packages/gymnasium/core.py", line 337, in render
    return self.env.render()
  File "/root/.cache/pypoetry/virtualenvs/ppo-details-0gGEmRE_-py3.8/lib/python3.8/site-packages/gymnasium/core.py", line 337, in render
    return self.env.render()
  File "/root/.cache/pypoetry/virtualenvs/ppo-details-0gGEmRE_-py3.8/lib/python3.8/site-packages/gymnasium/wrappers/common.py", line 409, in render
    return super().render()
  File "/root/.cache/pypoetry/virtualenvs/ppo-details-0gGEmRE_-py3.8/lib/python3.8/site-packages/gymnasium/core.py", line 337, in render
    return self.env.render()
  File "/root/.cache/pypoetry/virtualenvs/ppo-details-0gGEmRE_-py3.8/lib/python3.8/site-packages/gymnasium/wrappers/common.py", line 301, in render
    return env_render_passive_checker(self.env)
  File "/root/.cache/pypoetry/virtualenvs/ppo-details-0gGEmRE_-py3.8/lib/python3.8/site-packages/gymnasium/utils/passive_env_checker.py", line 361, in env_render_passive_checker
    result = env.render()
  File "/root/.cache/pypoetry/virtualenvs/ppo-details-0gGEmRE_-py3.8/lib/python3.8/site-packages/gymnasium/envs/classic_control/cartpole.py", line 261, in render
    raise DependencyNotInstalled(
gymnasium.error.DependencyNotInstalled: pygame is not installed, run `pip install "gymnasium[classic-control]"`
